0 verbose cli /opt/homebrew/Cellar/node/23.10.0_1/bin/node /opt/homebrew/bin/npm
1 info using npm@10.9.2
2 info using node@v23.10.0
3 silly config load:file:/opt/homebrew/lib/node_modules/npm/npmrc
4 silly config load:file:/Users/praisethelord/Desktop/salon-CRM/frontend/.npmrc
5 silly config load:file:/Users/praisethelord/.npmrc
6 silly config load:file:/opt/homebrew/etc/npmrc
7 verbose title npm install
8 verbose argv "install" "--package-lock-only" "--ignore-scripts" "--cache" "../.npm-cache"
9 verbose logfile logs-max:10 dir:/Users/praisethelord/Desktop/salon-CRM/.npm-cache/_logs/2026-06-14T14_49_38_839Z-
10 verbose logfile /Users/praisethelord/Desktop/salon-CRM/.npm-cache/_logs/2026-06-14T14_49_38_839Z-debug-0.log
11 silly logfile done cleaning log files
12 silly packumentCache heap:2197815296 maxSize:549453824 maxEntrySize:274726912
13 silly idealTree buildDeps
14 silly audit bulk request {
14 silly audit   '@ampproject/remapping': [ '2.3.0' ],
14 silly audit   '@angular-devkit/architect': [ '0.1703.17' ],
14 silly audit   rxjs: [ '7.8.1', '7.8.2' ],
14 silly audit   '@angular-devkit/build-angular': [ '17.3.17' ],
14 silly audit   tslib: [ '2.6.2', '2.8.1' ],
14 silly audit   '@angular-devkit/build-webpack': [ '0.1703.17' ],
14 silly audit   '@angular-devkit/core': [ '17.3.17' ],
14 silly audit   '@angular-devkit/schematics': [ '17.3.17' ],
14 silly audit   '@angular/animations': [ '17.3.12' ],
14 silly audit   '@angular/cli': [ '17.3.17' ],
14 silly audit   '@angular/common': [ '17.3.12' ],
14 silly audit   '@angular/compiler': [ '17.3.12' ],
14 silly audit   '@angular/compiler-cli': [ '17.3.12' ],
14 silly audit   '@babel/core': [ '7.23.9', '7.26.10' ],
14 silly audit   'convert-source-map': [ '2.0.0', '1.9.0' ],
14 silly audit   semver: [ '6.3.1', '5.7.2', '7.6.0' ],
14 silly audit   '@angular/core': [ '17.3.12' ],
14 silly audit   '@angular/forms': [ '17.3.12' ],
14 silly audit   '@angular/platform-browser': [ '17.3.12' ],
14 silly audit   '@angular/platform-browser-dynamic': [ '17.3.12' ],
14 silly audit   '@angular/router': [ '17.3.12' ],
14 silly audit   '@babel/code-frame': [ '7.29.7' ],
14 silly audit   '@babel/compat-data': [ '7.29.7' ],
14 silly audit   '@babel/generator': [ '7.26.10', '7.29.7' ],
14 silly audit   '@babel/helper-annotate-as-pure': [ '7.25.9', '7.29.7' ],
14 silly audit   '@babel/helper-compilation-targets': [ '7.29.7' ],
14 silly audit   '@babel/helper-create-class-features-plugin': [ '7.29.7' ],
14 silly audit   '@babel/helper-create-regexp-features-plugin': [ '7.29.7' ],
14 silly audit   '@babel/helper-define-polyfill-provider': [ '0.6.8' ],
14 silly audit   resolve: [ '1.22.12', '1.22.8' ],
14 silly audit   '@babel/helper-globals': [ '7.29.7' ],
14 silly audit   '@babel/helper-member-expression-to-functions': [ '7.29.7' ],
14 silly audit   '@babel/helper-module-imports': [ '7.29.7' ],
14 silly audit   '@babel/helper-module-transforms': [ '7.29.7' ],
14 silly audit   '@babel/helper-optimise-call-expression': [ '7.29.7' ],
14 silly audit   '@babel/helper-plugin-utils': [ '7.29.7' ],
14 silly audit   '@babel/helper-remap-async-to-generator': [ '7.29.7' ],
14 silly audit   '@babel/helper-replace-supers': [ '7.29.7' ],
14 silly audit   '@babel/helper-skip-transparent-expression-wrappers': [ '7.29.7' ],
14 silly audit   '@babel/helper-split-export-declaration': [ '7.24.7' ],
14 silly audit   '@babel/helper-string-parser': [ '7.29.7' ],
14 silly audit   '@babel/helper-validator-identifier': [ '7.29.7' ],
14 silly audit   '@babel/helper-validator-option': [ '7.29.7' ],
14 silly audit   '@babel/helper-wrap-function': [ '7.29.7' ],
14 silly audit   '@babel/helpers': [ '7.29.7' ],
14 silly audit   '@babel/parser': [ '7.29.7' ],
14 silly audit   '@babel/plugin-bugfix-firefox-class-in-computed-class-key': [ '7.29.7' ],
14 silly audit   '@babel/plugin-bugfix-safari-class-field-initializer-scope': [ '7.29.7' ],
14 silly audit   '@babel/plugin-bugfix-safari-id-destructuring-collision-in-function-expression': [ '7.29.7' ],
14 silly audit   '@babel/plugin-bugfix-v8-spread-parameters-in-optional-chaining': [ '7.29.7' ],
14 silly audit   '@babel/plugin-bugfix-v8-static-class-fields-redefine-readonly': [ '7.29.7' ],
14 silly audit   '@babel/plugin-proposal-private-property-in-object': [ '7.21.0-placeholder-for-preset-env.2' ],
14 silly audit   '@babel/plugin-syntax-import-assertions': [ '7.29.7' ],
14 silly audit   '@babel/plugin-syntax-import-attributes': [ '7.29.7' ],
14 silly audit   '@babel/plugin-syntax-unicode-sets-regex': [ '7.18.6' ],
14 silly audit   '@babel/plugin-transform-arrow-functions': [ '7.29.7' ],
14 silly audit   '@babel/plugin-transform-async-generator-functions': [ '7.26.8' ],
14 silly audit   '@babel/plugin-transform-async-to-generator': [ '7.25.9' ],
14 silly audit   '@babel/plugin-transform-block-scoped-functions': [ '7.29.7' ],
14 silly audit   '@babel/plugin-transform-block-scoping': [ '7.29.7' ],
14 silly audit   '@babel/plugin-transform-class-properties': [ '7.29.7' ],
14 silly audit   '@babel/plugin-transform-class-static-block': [ '7.29.7' ],
14 silly audit   '@babel/plugin-transform-classes': [ '7.29.7' ],
14 silly audit   '@babel/plugin-transform-computed-properties': [ '7.29.7' ],
14 silly audit   '@babel/plugin-transform-destructuring': [ '7.29.7' ],
14 silly audit   '@babel/plugin-transform-dotall-regex': [ '7.29.7' ],
14 silly audit   '@babel/plugin-transform-duplicate-keys': [ '7.29.7' ],
14 silly audit   '@babel/plugin-transform-duplicate-named-capturing-groups-regex': [ '7.29.7' ],
14 silly audit   '@babel/plugin-transform-dynamic-import': [ '7.29.7' ],
14 silly audit   '@babel/plugin-transform-exponentiation-operator': [ '7.29.7' ],
14 silly audit   '@babel/plugin-transform-export-namespace-from': [ '7.29.7' ],
14 silly audit   '@babel/plugin-transform-for-of': [ '7.29.7' ],
14 silly audit   '@babel/plugin-transform-function-name': [ '7.29.7' ],
14 silly audit   '@babel/plugin-transform-json-strings': [ '7.29.7' ],
14 silly audit   '@babel/plugin-transform-literals': [ '7.29.7' ],
14 silly audit   '@babel/plugin-transform-logical-assignment-operators': [ '7.29.7' ],
14 silly audit   '@babel/plugin-transform-member-expression-literals': [ '7.29.7' ],
14 silly audit   '@babel/plugin-transform-modules-amd': [ '7.29.7' ],
14 silly audit   '@babel/plugin-transform-modules-commonjs': [ '7.29.7' ],
14 silly audit   '@babel/plugin-transform-modules-systemjs': [ '7.29.7' ],
14 silly audit   '@babel/plugin-transform-modules-umd': [ '7.29.7' ],
14 silly audit   '@babel/plugin-transform-named-capturing-groups-regex': [ '7.29.7' ],
14 silly audit   '@babel/plugin-transform-new-target': [ '7.29.7' ],
14 silly audit   '@babel/plugin-transform-nullish-coalescing-operator': [ '7.29.7' ],
14 silly audit   '@babel/plugin-transform-numeric-separator': [ '7.29.7' ],
14 silly audit   '@babel/plugin-transform-object-rest-spread': [ '7.29.7' ],
14 silly audit   '@babel/plugin-transform-object-super': [ '7.29.7' ],
14 silly audit   '@babel/plugin-transform-optional-catch-binding': [ '7.29.7' ],
14 silly audit   '@babel/plugin-transform-optional-chaining': [ '7.29.7' ],
14 silly audit   '@babel/plugin-transform-parameters': [ '7.29.7' ],
14 silly audit   '@babel/plugin-transform-private-methods': [ '7.29.7' ],
14 silly audit   '@babel/plugin-transform-private-property-in-object': [ '7.29.7' ],
14 silly audit   '@babel/plugin-transform-property-literals': [ '7.29.7' ],
14 silly audit   '@babel/plugin-transform-regenerator': [ '7.29.7' ],
14 silly audit   '@babel/plugin-transform-regexp-modifiers': [ '7.29.7' ],
14 silly audit   '@babel/plugin-transform-reserved-words': [ '7.29.7' ],
14 silly audit   '@babel/plugin-transform-runtime': [ '7.26.10' ],
14 silly audit   '@babel/plugin-transform-shorthand-properties': [ '7.29.7' ],
14 silly audit   '@babel/plugin-transform-spread': [ '7.29.7' ],
14 silly audit   '@babel/plugin-transform-sticky-regex': [ '7.29.7' ],
14 silly audit   '@babel/plugin-transform-template-literals': [ '7.29.7' ],
14 silly audit   '@babel/plugin-transform-typeof-symbol': [ '7.29.7' ],
14 silly audit   '@babel/plugin-transform-unicode-escapes': [ '7.29.7' ],
14 silly audit   '@babel/plugin-transform-unicode-property-regex': [ '7.29.7' ],
14 silly audit   '@babel/plugin-transform-unicode-regex': [ '7.29.7' ],
14 silly audit   '@babel/plugin-transform-unicode-sets-regex': [ '7.29.7' ],
14 silly audit   '@babel/preset-env': [ '7.26.9' ],
14 silly audit   '@babel/preset-modules': [ '0.1.6-no-external-plugins' ],
14 silly audit   '@babel/runtime': [ '7.26.10' ],
14 silly audit   '@babel/template': [ '7.29.7' ],
14 silly audit   '@babel/traverse': [ '7.29.7' ],
14 silly audit   '@babel/types': [ '7.29.7' ],
14 silly audit   '@colors/colors': [ '1.5.0' ],
14 silly audit   '@discoveryjs/json-ext': [ '0.5.7' ],
14 silly audit   '@esbuild/aix-ppc64': [ '0.20.1', '0.21.5' ],
14 silly audit   '@esbuild/android-arm': [ '0.20.1', '0.21.5' ],
14 silly audit   '@esbuild/android-arm64': [ '0.20.1', '0.21.5' ],
14 silly audit   '@esbuild/android-x64': [ '0.20.1', '0.21.5' ],
14 silly audit   '@esbuild/darwin-arm64': [ '0.20.1', '0.21.5' ],
14 silly audit   '@esbuild/darwin-x64': [ '0.20.1', '0.21.5' ],
14 silly audit   '@esbuild/freebsd-arm64': [ '0.20.1', '0.21.5' ],
14 silly audit   '@esbuild/freebsd-x64': [ '0.20.1', '0.21.5' ],
14 silly audit   '@esbuild/linux-arm': [ '0.20.1', '0.21.5' ],
14 silly audit   '@esbuild/linux-arm64': [ '0.20.1', '0.21.5' ],
14 silly audit   '@esbuild/linux-ia32': [ '0.20.1', '0.21.5' ],
14 silly audit   '@esbuild/linux-loong64': [ '0.20.1', '0.21.5' ],
14 silly audit   '@esbuild/linux-mips64el': [ '0.20.1', '0.21.5' ],
14 silly audit   '@esbuild/linux-ppc64': [ '0.20.1', '0.21.5' ],
14 silly audit   '@esbuild/linux-riscv64': [ '0.20.1', '0.21.5' ],
14 silly audit   '@esbuild/linux-s390x': [ '0.20.1', '0.21.5' ],
14 silly audit   '@esbuild/linux-x64': [ '0.20.1', '0.21.5' ],
14 silly audit   '@esbuild/netbsd-x64': [ '0.20.1', '0.21.5' ],
14 silly audit   '@esbuild/openbsd-x64': [ '0.20.1', '0.21.5' ],
14 silly audit   '@esbuild/sunos-x64': [ '0.20.1', '0.21.5' ],
14 silly audit   '@esbuild/win32-arm64': [ '0.20.1', '0.21.5' ],
14 silly audit   '@esbuild/win32-ia32': [ '0.20.1', '0.21.5' ],
14 silly audit   '@esbuild/win32-x64': [ '0.20.1', '0.21.5' ],
14 silly audit   '@isaacs/cliui': [ '8.0.2' ],
14 silly audit   'ansi-regex': [ '6.2.2', '5.0.1' ],
14 silly audit   'ansi-styles': [ '6.2.3', '4.3.0' ],
14 silly audit   'emoji-regex': [ '9.2.2', '8.0.0' ],
14 silly audit   'string-width': [ '5.1.2', '4.2.3' ],
14 silly audit   'strip-ansi': [ '7.2.0', '6.0.1' ],
14 silly audit   'wrap-ansi': [ '8.1.0', '7.0.0', '6.2.0' ],
14 silly audit   '@istanbuljs/load-nyc-config': [ '1.1.0' ],
14 silly audit   '@istanbuljs/schema': [ '0.1.6' ],
14 silly audit   '@jridgewell/gen-mapping': [ '0.3.13' ],
14 silly audit   '@jridgewell/resolve-uri': [ '3.1.2' ],
14 silly audit   '@jridgewell/source-map': [ '0.3.11' ],
14 silly audit   '@jridgewell/sourcemap-codec': [ '1.5.5' ],
14 silly audit   '@jridgewell/trace-mapping': [ '0.3.31' ],
14 silly audit   '@leichtgewicht/ip-codec': [ '2.0.5' ],
14 silly audit   '@ljharb/through': [ '2.3.14' ],
14 silly audit   '@ngtools/webpack': [ '17.3.17' ],
14 silly audit   '@nodelib/fs.scandir': [ '2.1.5' ],
14 silly audit   '@nodelib/fs.stat': [ '2.0.5' ],
14 silly audit   '@nodelib/fs.walk': [ '1.2.8' ],
14 silly audit   '@npmcli/agent': [ '2.2.2' ],
14 silly audit   'lru-cache': [ '10.4.3', '5.1.1', '6.0.0' ],
14 silly audit   '@npmcli/fs': [ '3.1.1' ],
14 silly audit   '@npmcli/git': [ '5.0.8' ],
14 silly audit   ini: [ '4.1.3', '4.1.2' ],
14 silly audit   isexe: [ '3.1.5', '2.0.0' ],
14 silly audit   'proc-log': [ '4.2.0', '3.0.0' ],
14 silly audit   which: [ '4.0.0', '2.0.2', '1.3.1' ],
14 silly audit   '@npmcli/installed-package-contents': [ '2.1.0' ],
14 silly audit   '@npmcli/node-gyp': [ '3.0.0' ],
14 silly audit   '@npmcli/package-json': [ '5.2.1' ],
14 silly audit   'brace-expansion': [ '2.1.1', '1.1.15' ],
14 silly audit   glob: [ '10.5.0', '7.2.3' ],
14 silly audit   minimatch: [ '9.0.9', '3.1.5' ],
14 silly audit   '@npmcli/promise-spawn': [ '7.0.2' ],
14 silly audit   '@npmcli/redact': [ '1.1.0' ],
14 silly audit   '@npmcli/run-script': [ '7.0.4' ],
14 silly audit   '@pkgjs/parseargs': [ '0.11.0' ],
14 silly audit   '@rollup/rollup-android-arm-eabi': [ '4.61.1' ],
14 silly audit   '@rollup/rollup-android-arm64': [ '4.61.1' ],
14 silly audit   '@rollup/rollup-darwin-arm64': [ '4.61.1' ],
14 silly audit   '@rollup/rollup-darwin-x64': [ '4.61.1' ],
14 silly audit   '@rollup/rollup-freebsd-arm64': [ '4.61.1' ],
14 silly audit   '@rollup/rollup-freebsd-x64': [ '4.61.1' ],
14 silly audit   '@rollup/rollup-linux-arm-gnueabihf': [ '4.61.1' ],
14 silly audit   '@rollup/rollup-linux-arm-musleabihf': [ '4.61.1' ],
14 silly audit   '@rollup/rollup-linux-arm64-gnu': [ '4.61.1' ],
14 silly audit   '@rollup/rollup-linux-arm64-musl': [ '4.61.1' ],
14 silly audit   '@rollup/rollup-linux-loong64-gnu': [ '4.61.1' ],
14 silly audit   '@rollup/rollup-linux-loong64-musl': [ '4.61.1' ],
14 silly audit   '@rollup/rollup-linux-ppc64-gnu': [ '4.61.1' ],
14 silly audit   '@rollup/rollup-linux-ppc64-musl': [ '4.61.1' ],
14 silly audit   '@rollup/rollup-linux-riscv64-gnu': [ '4.61.1' ],
14 silly audit   '@rollup/rollup-linux-riscv64-musl': [ '4.61.1' ],
14 silly audit   '@rollup/rollup-linux-s390x-gnu': [ '4.61.1' ],
14 silly audit   '@rollup/rollup-linux-x64-gnu': [ '4.61.1' ],
14 silly audit   '@rollup/rollup-linux-x64-musl': [ '4.61.1' ],
14 silly audit   '@rollup/rollup-openbsd-x64': [ '4.61.1' ],
14 silly audit   '@rollup/rollup-openharmony-arm64': [ '4.61.1' ],
14 silly audit   '@rollup/rollup-win32-arm64-msvc': [ '4.61.1' ],
14 silly audit   '@rollup/rollup-win32-ia32-msvc': [ '4.61.1' ],
14 silly audit   '@rollup/rollup-win32-x64-gnu': [ '4.61.1' ],
14 silly audit   '@rollup/rollup-win32-x64-msvc': [ '4.61.1' ],
14 silly audit   '@schematics/angular': [ '17.3.17' ],
14 silly audit   '@sigstore/bundle': [ '2.3.2' ],
14 silly audit   '@sigstore/core': [ '1.1.0' ],
14 silly audit   '@sigstore/protobuf-specs': [ '0.3.3' ],
14 silly audit   '@sigstore/sign': [ '2.3.2' ],
14 silly audit   '@sigstore/tuf': [ '2.3.4' ],
14 silly audit   '@sigstore/verify': [ '1.2.1' ],
14 silly audit   '@socket.io/component-emitter': [ '3.1.2' ],
14 silly audit   '@tufjs/canonical-json': [ '2.0.0' ],
14 silly audit   '@tufjs/models': [ '2.0.1' ],
14 silly audit   '@types/body-parser': [ '1.19.6' ],
14 silly audit   '@types/bonjour': [ '3.5.13' ],
14 silly audit   '@types/connect': [ '3.4.38' ],
14 silly audit   '@types/connect-history-api-fallback': [ '1.5.4' ],
14 silly audit   '@types/cors': [ '2.8.19' ],
14 silly audit   '@types/estree': [ '1.0.9' ],
14 silly audit   '@types/express': [ '4.17.25' ],
14 silly audit   '@types/express-serve-static-core': [ '5.1.1', '4.19.8' ],
14 silly audit   '@types/http-errors': [ '2.0.5' ],
14 silly audit   '@types/http-proxy': [ '1.17.17' ],
14 silly audit   '@types/jasmine': [ '5.1.15' ],
14 silly audit   '@types/json-schema': [ '7.0.15' ],
14 silly audit   '@types/mime': [ '1.3.5' ],
14 silly audit   '@types/node': [ '25.9.3' ],
14 silly audit   '@types/node-forge': [ '1.3.14' ],
14 silly audit   '@types/qs': [ '6.15.1' ],
14 silly audit   '@types/range-parser': [ '1.2.7' ],
14 silly audit   '@types/retry': [ '0.12.0' ],
14 silly audit   '@types/send': [ '1.2.1', '0.17.6' ],
14 silly audit   '@types/serve-index': [ '1.9.4' ],
14 silly audit   '@types/serve-static': [ '1.15.10' ],
14 silly audit   '@types/sockjs': [ '0.3.36' ],
14 silly audit   '@types/ws': [ '8.18.1' ],
14 silly audit   '@vitejs/plugin-basic-ssl': [ '1.1.0' ],
14 silly audit   '@webassemblyjs/ast': [ '1.14.1' ],
14 silly audit   '@webassemblyjs/floating-point-hex-parser': [ '1.13.2' ],
14 silly audit   '@webassemblyjs/helper-api-error': [ '1.13.2' ],
14 silly audit   '@webassemblyjs/helper-buffer': [ '1.14.1' ],
14 silly audit   '@webassemblyjs/helper-numbers': [ '1.13.2' ],
14 silly audit   '@webassemblyjs/helper-wasm-bytecode': [ '1.13.2' ],
14 silly audit   '@webassemblyjs/helper-wasm-section': [ '1.14.1' ],
14 silly audit   '@webassemblyjs/ieee754': [ '1.13.2' ],
14 silly audit   '@webassemblyjs/leb128': [ '1.13.2' ],
14 silly audit   '@webassemblyjs/utf8': [ '1.13.2' ],
14 silly audit   '@webassemblyjs/wasm-edit': [ '1.14.1' ],
14 silly audit   '@webassemblyjs/wasm-gen': [ '1.14.1' ],
14 silly audit   '@webassemblyjs/wasm-opt': [ '1.14.1' ],
14 silly audit   '@webassemblyjs/wasm-parser': [ '1.14.1' ],
14 silly audit   '@webassemblyjs/wast-printer': [ '1.14.1' ],
14 silly audit   '@xtuc/ieee754': [ '1.2.0' ],
14 silly audit   '@xtuc/long': [ '4.2.2' ],
14 silly audit   '@yarnpkg/lockfile': [ '1.1.0' ],
14 silly audit   abbrev: [ '2.0.0' ],
14 silly audit   accepts: [ '1.3.8' ],
14 silly audit   negotiator: [ '0.6.3', '0.6.4' ],
14 silly audit   acorn: [ '8.17.0' ],
14 silly audit   'acorn-import-attributes': [ '1.9.5' ],
14 silly audit   'adjust-sourcemap-loader': [ '4.0.0' ],
14 silly audit   'loader-utils': [ '2.0.4', '3.2.1' ],
14 silly audit   'agent-base': [ '7.1.4' ],
14 silly audit   'aggregate-error': [ '3.1.0' ],
14 silly audit   ajv: [ '8.12.0', '6.15.0' ],
14 silly audit   'ajv-formats': [ '2.1.1' ],
14 silly audit   'ajv-keywords': [ '5.1.0', '3.5.2' ],
14 silly audit   'ansi-colors': [ '4.1.3' ],
14 silly audit   'ansi-escapes': [ '4.3.2' ],
14 silly audit   'ansi-html-community': [ '0.0.8' ],
14 silly audit   anymatch: [ '3.1.3' ],
14 silly audit   picomatch: [ '2.3.2', '4.0.1' ],
14 silly audit   argparse: [ '1.0.10', '2.0.1' ],
14 silly audit   'array-flatten': [ '1.1.1' ],
14 silly audit   autoprefixer: [ '10.4.18' ],
14 silly audit   'babel-loader': [ '9.1.3' ],
14 silly audit   'babel-plugin-istanbul': [ '6.1.1' ],
14 silly audit   'babel-plugin-polyfill-corejs2': [ '0.4.17' ],
14 silly audit   'babel-plugin-polyfill-corejs3': [ '0.11.1' ],
14 silly audit   'babel-plugin-polyfill-regenerator': [ '0.6.8' ],
14 silly audit   'balanced-match': [ '1.0.2' ],
14 silly audit   'base64-js': [ '1.5.1' ],
14 silly audit   base64id: [ '2.0.0' ],
14 silly audit   'baseline-browser-mapping': [ '2.10.37' ],
14 silly audit   batch: [ '0.6.1' ],
14 silly audit   'big.js': [ '5.2.2' ],
14 silly audit   'binary-extensions': [ '2.3.0' ],
14 silly audit   bl: [ '4.1.0' ],
14 silly audit   'body-parser': [ '1.20.5' ],
14 silly audit   debug: [ '2.6.9', '4.4.3' ],
14 silly audit   ms: [ '2.0.0', '2.1.3' ],
14 silly audit   'bonjour-service': [ '1.4.1' ],
14 silly audit   boolbase: [ '1.0.0' ],
14 silly audit   braces: [ '3.0.3' ],
14 silly audit   browserslist: [ '4.28.2' ],
14 silly audit   buffer: [ '5.7.1' ],
14 silly audit   'buffer-from': [ '1.1.2' ],
14 silly audit   bytes: [ '3.1.2' ],
14 silly audit   cacache: [ '18.0.4' ],
14 silly audit   'call-bind': [ '1.0.9' ],
14 silly audit   'call-bind-apply-helpers': [ '1.0.2' ],
14 silly audit   'call-bound': [ '1.0.4' ],
14 silly audit   callsites: [ '3.1.0' ],
14 silly audit   camelcase: [ '5.3.1' ],
14 silly audit   'caniuse-lite': [ '1.0.30001799' ],
14 silly audit   chalk: [ '4.1.2', '5.6.2' ],
14 silly audit   chardet: [ '0.7.0' ],
14 silly audit   chokidar: [ '3.6.0' ],
14 silly audit   chownr: [ '2.0.0' ],
14 silly audit   'chrome-trace-event': [ '1.0.4' ],
14 silly audit   'clean-stack': [ '2.2.0' ],
14 silly audit   'cli-cursor': [ '3.1.0' ],
14 silly audit   'cli-spinners': [ '2.9.2' ],
14 silly audit   'cli-width': [ '4.1.0' ],
14 silly audit   cliui: [ '8.0.1', '7.0.4' ],
14 silly audit   clone: [ '1.0.4' ],
14 silly audit   'clone-deep': [ '4.0.1' ],
14 silly audit   'color-convert': [ '2.0.1' ],
14 silly audit   'color-name': [ '1.1.4' ],
14 silly audit   colorette: [ '2.0.20' ],
14 silly audit   commander: [ '2.20.3' ],
14 silly audit   'common-path-prefix': [ '3.0.0' ],
14 silly audit   compressible: [ '2.0.18' ],
14 silly audit   compression: [ '1.8.1' ],
14 silly audit   'concat-map': [ '0.0.1' ],
14 silly audit   'shell-quote': [ '1.8.4' ],
14 silly audit   'supports-color': [ '8.1.1', '7.2.0' ],
14 silly audit   connect: [ '3.7.0' ],
14 silly audit   'connect-history-api-fallback': [ '2.0.0' ],
14 silly audit   'content-disposition': [ '0.5.4' ],
14 silly audit   'content-type': [ '1.0.5' ],
14 silly audit   cookie: [ '0.7.2' ],
14 silly audit   'cookie-signature': [ '1.0.7' ],
14 silly audit   'copy-anything': [ '2.0.6' ],
14 silly audit   'copy-webpack-plugin': [ '11.0.0' ],
14 silly audit   'glob-parent': [ '6.0.2', '5.1.2' ],
14 silly audit   'core-js-compat': [ '3.49.0' ],
14 silly audit   'core-util-is': [ '1.0.3' ],
14 silly audit   cors: [ '2.8.6' ],
14 silly audit   cosmiconfig: [ '9.0.2' ],
14 silly audit   'js-yaml': [ '4.2.0', '3.14.2' ],
14 silly audit   critters: [ '0.0.22' ],
14 silly audit   'cross-spawn': [ '7.0.6' ],
14 silly audit   'css-loader': [ '6.10.0' ],
14 silly audit   'css-select': [ '5.2.2' ],
14 silly audit   'css-what': [ '6.2.2' ],
14 silly audit   cssesc: [ '3.0.0' ],
14 silly audit   'custom-event': [ '1.0.1' ],
14 silly audit   'date-format': [ '4.0.14' ],
14 silly audit   'default-gateway': [ '6.0.3' ],
14 silly audit   defaults: [ '1.0.4' ],
14 silly audit   'define-data-property': [ '1.1.4' ],
14 silly audit   'define-lazy-prop': [ '2.0.0' ],
14 silly audit   depd: [ '2.0.0', '1.1.2' ],
14 silly audit   destroy: [ '1.2.0' ],
14 silly audit   'detect-node': [ '2.1.0' ],
14 silly audit   di: [ '0.0.1' ],
14 silly audit   'dir-glob': [ '3.0.1' ],
14 silly audit   'dns-packet': [ '5.6.1' ],
14 silly audit   'dom-serialize': [ '2.2.1' ],
14 silly audit   'dom-serializer': [ '2.0.0' ],
14 silly audit   domelementtype: [ '2.3.0' ],
14 silly audit   domhandler: [ '5.0.3' ],
14 silly audit   domutils: [ '3.2.2' ],
14 silly audit   'dunder-proto': [ '1.0.1' ],
14 silly audit   eastasianwidth: [ '0.2.0' ],
14 silly audit   'ee-first': [ '1.1.1' ],
14 silly audit   'electron-to-chromium': [ '1.5.372' ],
14 silly audit   'emojis-list': [ '3.0.0' ],
14 silly audit   encodeurl: [ '1.0.2', '2.0.0' ],
14 silly audit   encoding: [ '0.1.13' ],
14 silly audit   'iconv-lite': [ '0.6.3', '0.4.24' ],
14 silly audit   'engine.io': [ '6.6.8' ],
14 silly audit   'engine.io-parser': [ '5.2.3' ],
14 silly audit   'enhanced-resolve': [ '5.24.0' ],
14 silly audit   ent: [ '2.2.2' ],
14 silly audit   entities: [ '4.5.0', '6.0.1' ],
14 silly audit   'env-paths': [ '2.2.1' ],
14 silly audit   'err-code': [ '2.0.3' ],
14 silly audit   errno: [ '0.1.8' ],
14 silly audit   'error-ex': [ '1.3.4' ],
14 silly audit   'es-define-property': [ '1.0.1' ],
14 silly audit   'es-errors': [ '1.3.0' ],
14 silly audit   'es-module-lexer': [ '1.7.0' ],
14 silly audit   'es-object-atoms': [ '1.1.2' ],
14 silly audit   esbuild: [ '0.20.1', '0.21.5' ],
14 silly audit   'esbuild-wasm': [ '0.20.1' ],
14 silly audit   escalade: [ '3.2.0' ],
14 silly audit   'escape-html': [ '1.0.3' ],
14 silly audit   'escape-string-regexp': [ '1.0.5' ],
14 silly audit   'eslint-scope': [ '5.1.1' ],
14 silly audit   esprima: [ '4.0.1' ],
14 silly audit   esrecurse: [ '4.3.0' ],
14 silly audit   estraverse: [ '5.3.0', '4.3.0' ],
14 silly audit   esutils: [ '2.0.3' ],
14 silly audit   etag: [ '1.8.1' ],
14 silly audit   eventemitter3: [ '4.0.7' ],
14 silly audit   events: [ '3.3.0' ],
14 silly audit   execa: [ '5.1.1' ],
14 silly audit   'exponential-backoff': [ '3.1.3' ],
14 silly audit   express: [ '4.22.2' ],
14 silly audit   finalhandler: [ '1.3.2', '1.1.2' ],
14 silly audit   statuses: [ '2.0.2', '1.5.0' ],
14 silly audit   extend: [ '3.0.2' ],
14 silly audit   'external-editor': [ '3.1.0' ],
14 silly audit   'fast-deep-equal': [ '3.1.3' ],
14 silly audit   'fast-glob': [ '3.3.2' ],
14 silly audit   'fast-json-stable-stringify': [ '2.1.0' ],
14 silly audit   fastq: [ '1.20.1' ],
14 silly audit   'faye-websocket': [ '0.11.4' ],
14 silly audit   figures: [ '3.2.0' ],
14 silly audit   'fill-range': [ '7.1.1' ],
14 silly audit   'on-finished': [ '2.3.0', '2.4.1' ],
14 silly audit   'find-cache-dir': [ '4.0.0' ],
14 silly audit   'find-up': [ '4.1.0', '6.3.0' ],
14 silly audit   flat: [ '5.0.2' ],
14 silly audit   flatted: [ '3.4.2' ],
14 silly audit   'follow-redirects': [ '1.16.0' ],
14 silly audit   'foreground-child': [ '3.3.1' ],
14 silly audit   'signal-exit': [ '4.1.0', '3.0.7' ],
14 silly audit   forwarded: [ '0.2.0' ],
14 silly audit   'fraction.js': [ '4.3.7' ],
14 silly audit   fresh: [ '0.5.2' ],
14 silly audit   'fs-extra': [ '8.1.0' ],
14 silly audit   'fs-minipass': [ '3.0.3', '2.1.0' ],
14 silly audit   'fs-monkey': [ '1.1.0' ],
14 silly audit   'fs.realpath': [ '1.0.0' ],
14 silly audit   fsevents: [ '2.3.3' ],
14 silly audit   'function-bind': [ '1.1.2' ],
14 silly audit   gensync: [ '1.0.0-beta.2' ],
14 silly audit   'get-caller-file': [ '2.0.5' ],
14 silly audit   'get-intrinsic': [ '1.3.0' ],
14 silly audit   'get-package-type': [ '0.1.0' ],
14 silly audit   'get-proto': [ '1.0.1' ],
14 silly audit   'get-stream': [ '6.0.1' ],
14 silly audit   'glob-to-regexp': [ '0.4.1' ],
14 silly audit   globby: [ '13.2.2' ],
14 silly audit   gopd: [ '1.2.0' ],
14 silly audit   'graceful-fs': [ '4.2.11' ],
14 silly audit   'handle-thing': [ '2.0.1' ],
14 silly audit   'has-flag': [ '4.0.0' ],
14 silly audit   'has-property-descriptors': [ '1.0.2' ],
14 silly audit   'has-symbols': [ '1.1.0' ],
14 silly audit   'has-tostringtag': [ '1.0.2' ],
14 silly audit   hasown: [ '2.0.4' ],
14 silly audit   'hosted-git-info': [ '7.0.2' ],
14 silly audit   'hpack.js': [ '2.1.6' ],
14 silly audit   'readable-stream': [ '2.3.8', '3.6.2' ],
14 silly audit   'safe-buffer': [ '5.1.2', '5.2.1' ],
14 silly audit   string_decoder: [ '1.1.1', '1.3.0' ],
14 silly audit   'html-entities': [ '2.6.0' ],
14 silly audit   'html-escaper': [ '2.0.2' ],
14 silly audit   htmlparser2: [ '8.0.2' ],
14 silly audit   'http-cache-semantics': [ '4.2.0' ],
14 silly audit   'http-deceiver': [ '1.2.7' ],
14 silly audit   'http-errors': [ '2.0.1', '1.8.1' ],
14 silly audit   'http-parser-js': [ '0.5.10' ],
14 silly audit   'http-proxy': [ '1.18.1' ],
14 silly audit   'http-proxy-agent': [ '7.0.2' ],
14 silly audit   'http-proxy-middleware': [ '2.0.8' ],
14 silly audit   'https-proxy-agent': [ '7.0.4' ],
14 silly audit   'human-signals': [ '2.1.0' ],
14 silly audit   'icss-utils': [ '5.1.0' ],
14 silly audit   ieee754: [ '1.2.1' ],
14 silly audit   ignore: [ '5.3.2' ],
14 silly audit   'ignore-walk': [ '6.0.5' ],
14 silly audit   'image-size': [ '0.5.5' ],
14 silly audit   immutable: [ '4.3.8' ],
14 silly audit   'import-fresh': [ '3.3.1' ],
14 silly audit   'resolve-from': [ '4.0.0', '5.0.0' ],
14 silly audit   imurmurhash: [ '0.1.4' ],
14 silly audit   'indent-string': [ '4.0.0' ],
14 silly audit   inflight: [ '1.0.6' ],
14 silly audit   inherits: [ '2.0.4' ],
14 silly audit   inquirer: [ '9.2.15' ],
14 silly audit   'ip-address': [ '10.2.0' ],
14 silly audit   'ipaddr.js': [ '2.4.0', '1.9.1' ],
14 silly audit   'is-arrayish': [ '0.2.1' ],
14 silly audit   'is-binary-path': [ '2.1.0' ],
14 silly audit   'is-core-module': [ '2.16.2' ],
14 silly audit   'is-docker': [ '2.2.1' ],
14 silly audit   'is-extglob': [ '2.1.1' ],
14 silly audit   'is-fullwidth-code-point': [ '3.0.0' ],
14 silly audit   'is-glob': [ '4.0.3' ],
14 silly audit   'is-interactive': [ '1.0.0' ],
14 silly audit   'is-lambda': [ '1.0.1' ],
14 silly audit   'is-number': [ '7.0.0' ],
14 silly audit   'is-plain-obj': [ '3.0.0' ],
14 silly audit   'is-plain-object': [ '2.0.4' ],
14 silly audit   'is-regex': [ '1.2.1' ],
14 silly audit   'is-stream': [ '2.0.1' ],
14 silly audit   'is-unicode-supported': [ '0.1.0' ],
14 silly audit   'is-what': [ '3.14.1' ],
14 silly audit   'is-wsl': [ '2.2.0' ],
14 silly audit   isarray: [ '1.0.0' ],
14 silly audit   isbinaryfile: [ '4.0.10' ],
14 silly audit   isobject: [ '3.0.1' ],
14 silly audit   'istanbul-lib-coverage': [ '3.2.2' ],
14 silly audit   'istanbul-lib-instrument': [ '5.2.1' ],
14 silly audit   'istanbul-lib-report': [ '3.0.1' ],
14 silly audit   'istanbul-lib-source-maps': [ '4.0.1' ],
14 silly audit   'source-map': [ '0.6.1', '0.7.4' ],
14 silly audit   'istanbul-reports': [ '3.2.0' ],
14 silly audit   jackspeak: [ '3.4.3' ],
14 silly audit   'jasmine-core': [ '5.1.2', '4.6.1' ],
14 silly audit   'jest-worker': [ '27.5.1' ],
14 silly audit   jiti: [ '1.21.7' ],
14 silly audit   'js-tokens': [ '4.0.0' ],
14 silly audit   jsesc: [ '3.1.0' ],
14 silly audit   'json-parse-even-better-errors': [ '3.0.2', '2.3.1' ],
14 silly audit   'json-schema-traverse': [ '1.0.0', '0.4.1' ],
14 silly audit   json5: [ '2.2.3' ],
14 silly audit   'jsonc-parser': [ '3.2.1' ],
14 silly audit   jsonfile: [ '4.0.0' ],
14 silly audit   jsonparse: [ '1.3.1' ],
14 silly audit   karma: [ '6.4.4' ],
14 silly audit   'karma-chrome-launcher': [ '3.2.0' ],
14 silly audit   'karma-coverage': [ '2.2.1' ],
14 silly audit   'karma-jasmine': [ '5.1.0' ],
14 silly audit   'karma-jasmine-html-reporter': [ '2.1.0' ],
14 silly audit   'karma-source-map-support': [ '1.4.0' ],
14 silly audit   tmp: [ '0.2.7', '0.0.33' ],
14 silly audit   yargs: [ '16.2.0', '17.7.2' ],
14 silly audit   'yargs-parser': [ '20.2.9', '21.1.1' ],
14 silly audit   'kind-of': [ '6.0.3' ],
14 silly audit   klona: [ '2.0.6' ],
14 silly audit   'launch-editor': [ '2.14.1' ],
14 silly audit   less: [ '4.2.0' ],
14 silly audit   'less-loader': [ '11.1.0' ],
14 silly audit   'make-dir': [ '2.1.0', '4.0.0' ],
14 silly audit   mime: [ '1.6.0', '2.6.0' ],
14 silly audit   'license-webpack-plugin': [ '4.0.2' ],
14 silly audit   'lines-and-columns': [ '1.2.4' ],
14 silly audit   'loader-runner': [ '4.3.2' ],
14 silly audit   'locate-path': [ '5.0.0', '7.2.0' ],
14 silly audit   lodash: [ '4.18.1' ],
14 silly audit   'lodash.debounce': [ '4.0.8' ],
14 silly audit   'log-symbols': [ '4.1.0' ],
14 silly audit   log4js: [ '6.9.1' ],
14 silly audit   'magic-string': [ '0.30.8' ],
14 silly audit   'make-fetch-happen': [ '13.0.1' ],
14 silly audit   'math-intrinsics': [ '1.1.0' ],
14 silly audit   'media-typer': [ '0.3.0' ],
14 silly audit   memfs: [ '3.5.3' ],
14 silly audit   'merge-descriptors': [ '1.0.3' ],
14 silly audit   'merge-stream': [ '2.0.0' ],
14 silly audit   merge2: [ '1.4.1' ],
14 silly audit   methods: [ '1.1.2' ],
14 silly audit   micromatch: [ '4.0.8' ],
14 silly audit   'mime-db': [ '1.52.0' ],
14 silly audit   'mime-types': [ '2.1.35' ],
14 silly audit   'mimic-fn': [ '2.1.0' ],
14 silly audit   'mini-css-extract-plugin': [ '2.8.1' ],
14 silly audit   'minimalistic-assert': [ '1.0.1' ],
14 silly audit   minimist: [ '1.2.8' ],
14 silly audit   minipass: [ '7.1.3', '3.3.6', '5.0.0' ],
14 silly audit   'minipass-collect': [ '2.0.1' ],
14 silly audit   'minipass-fetch': [ '3.0.5' ],
14 silly audit   'minipass-flush': [ '1.0.7' ],
14 silly audit   yallist: [ '4.0.0', '3.1.1' ],
14 silly audit   'minipass-json-stream': [ '1.0.2' ],
14 silly audit   'minipass-pipeline': [ '1.2.4' ],
14 silly audit   'minipass-sized': [ '1.0.3' ],
14 silly audit   minizlib: [ '2.1.2' ],
14 silly audit   mkdirp: [ '0.5.6', '1.0.4' ],
14 silly audit   mrmime: [ '2.0.0' ],
14 silly audit   'multicast-dns': [ '7.2.5' ],
14 silly audit   'mute-stream': [ '1.0.0' ],
14 silly audit   nanoid: [ '3.3.12' ],
14 silly audit   needle: [ '3.5.0' ],
14 silly audit   'neo-async': [ '2.6.2' ],
14 silly audit   'nice-napi': [ '1.0.2' ],
14 silly audit   'node-addon-api': [ '3.2.1' ],
14 silly audit   'node-forge': [ '1.4.0' ],
14 silly audit   'node-gyp': [ '10.3.1' ],
14 silly audit   'node-gyp-build': [ '4.8.4' ],
14 silly audit   'node-releases': [ '2.0.47' ],
14 silly audit   nopt: [ '7.2.1' ],
14 silly audit   'normalize-package-data': [ '6.0.2' ],
14 silly audit   'normalize-path': [ '3.0.0' ],
14 silly audit   'normalize-range': [ '0.1.2' ],
14 silly audit   'npm-bundled': [ '3.0.1' ],
14 silly audit   'npm-install-checks': [ '6.3.0' ],
14 silly audit   'npm-normalize-package-bin': [ '3.0.1' ],
14 silly audit   'npm-package-arg': [ '11.0.1' ],
14 silly audit   'npm-packlist': [ '8.0.2' ],
14 silly audit   'npm-pick-manifest': [ '9.0.0' ],
14 silly audit   'npm-registry-fetch': [ '16.2.1' ],
14 silly audit   'npm-run-path': [ '4.0.1' ],
14 silly audit   'nth-check': [ '2.1.1' ],
14 silly audit   'object-assign': [ '4.1.1' ],
14 silly audit   'object-inspect': [ '1.13.4' ],
14 silly audit   obuf: [ '1.1.2' ],
14 silly audit   'on-headers': [ '1.1.0' ],
14 silly audit   once: [ '1.4.0' ],
14 silly audit   onetime: [ '5.1.2' ],
14 silly audit   open: [ '8.4.2' ],
14 silly audit   ora: [ '5.4.1' ],
14 silly audit   'os-tmpdir': [ '1.0.2' ],
14 silly audit   'p-limit': [ '2.3.0', '4.0.0' ],
14 silly audit   'p-locate': [ '4.1.0', '6.0.0' ],
14 silly audit   'p-map': [ '4.0.0' ],
14 silly audit   'p-retry': [ '4.6.2' ],
14 silly audit   retry: [ '0.13.1', '0.12.0' ],
14 silly audit   'p-try': [ '2.2.0' ],
14 silly audit   'package-json-from-dist': [ '1.0.1' ],
14 silly audit   pacote: [ '17.0.6' ],
14 silly audit   'parent-module': [ '1.0.1' ],
14 silly audit   'parse-json': [ '5.2.0' ],
14 silly audit   'parse-node-version': [ '1.0.1' ],
14 silly audit   parse5: [ '7.3.0' ],
14 silly audit   'parse5-html-rewriting-stream': [ '7.0.0' ],
14 silly audit   'parse5-sax-parser': [ '7.0.0' ],
14 silly audit   parseurl: [ '1.3.3' ],
14 silly audit   'path-exists': [ '4.0.0', '5.0.0' ],
14 silly audit   'path-is-absolute': [ '1.0.1' ],
14 silly audit   'path-key': [ '3.1.1' ],
14 silly audit   'path-parse': [ '1.0.7' ],
14 silly audit   'path-scurry': [ '1.11.1' ],
14 silly audit   'path-to-regexp': [ '0.1.13' ],
14 silly audit   'path-type': [ '4.0.0' ],
14 silly audit   picocolors: [ '1.1.1' ],
14 silly audit   pify: [ '4.0.1' ],
14 silly audit   piscina: [ '4.4.0' ],
14 silly audit   'pkg-dir': [ '7.0.0' ],
14 silly audit   postcss: [ '8.4.35', '8.5.15' ],
14 silly audit   'postcss-loader': [ '8.1.1' ],
14 silly audit   'postcss-media-query-parser': [ '0.2.3' ],
14 silly audit   'postcss-modules-extract-imports': [ '3.1.0' ],
14 silly audit   'postcss-modules-local-by-default': [ '4.2.0' ],
14 silly audit   'postcss-modules-scope': [ '3.2.1' ],
14 silly audit   'postcss-modules-values': [ '4.0.0' ],
14 silly audit   'postcss-selector-parser': [ '7.1.4' ],
14 silly audit   'postcss-value-parser': [ '4.2.0' ],
14 silly audit   'process-nextick-args': [ '2.0.1' ],
14 silly audit   'promise-inflight': [ '1.0.1' ],
14 silly audit   'promise-retry': [ '2.0.1' ],
14 silly audit   'proxy-addr': [ '2.0.7' ],
14 silly audit   prr: [ '1.0.1' ],
14 silly audit   punycode: [ '1.4.1', '2.3.1' ],
14 silly audit   qjobs: [ '1.2.0' ],
14 silly audit   qs: [ '6.15.2' ],
14 silly audit   'queue-microtask': [ '1.2.3' ],
14 silly audit   randombytes: [ '2.1.0' ],
14 silly audit   'range-parser': [ '1.2.1' ],
14 silly audit   'raw-body': [ '2.5.3' ],
14 silly audit   'read-package-json': [ '7.0.1' ],
14 silly audit   'read-package-json-fast': [ '3.0.2' ],
14 silly audit   readdirp: [ '3.6.0' ],
14 silly audit   'reflect-metadata': [ '0.2.2' ],
14 silly audit   regenerate: [ '1.4.2' ],
14 silly audit   'regenerate-unicode-properties': [ '10.2.2' ],
14 silly audit   'regenerator-runtime': [ '0.14.1' ],
14 silly audit   'regex-parser': [ '2.3.1' ],
14 silly audit   'regexpu-core': [ '6.4.0' ],
14 silly audit   regjsgen: [ '0.8.0' ],
14 silly audit   regjsparser: [ '0.13.1' ],
14 silly audit   'require-directory': [ '2.1.1' ],
14 silly audit   'require-from-string': [ '2.0.2' ],
14 silly audit   'requires-port': [ '1.0.0' ],
14 silly audit   'resolve-url-loader': [ '5.0.0' ],
14 silly audit   'restore-cursor': [ '3.1.0' ],
14 silly audit   reusify: [ '1.1.0' ],
14 silly audit   rfdc: [ '1.4.1' ],
14 silly audit   rimraf: [ '3.0.2' ],
14 silly audit   rollup: [ '4.61.1' ],
14 silly audit   'run-async': [ '3.0.0' ],
14 silly audit   'run-parallel': [ '1.2.0' ],
14 silly audit   'safe-regex-test': [ '1.1.0' ],
14 silly audit   'safer-buffer': [ '2.1.2' ],
14 silly audit   sass: [ '1.71.1' ],
14 silly audit   'sass-loader': [ '14.1.1' ],
14 silly audit   sax: [ '1.6.0' ],
14 silly audit   'schema-utils': [ '4.3.3', '3.3.0' ],
14 silly audit   'select-hose': [ '2.0.0' ],
14 silly audit   selfsigned: [ '2.4.1' ],
14 silly audit   send: [ '0.19.2' ],
14 silly audit   'serialize-javascript': [ '6.0.2' ],
14 silly audit   'serve-index': [ '1.9.2' ],
14 silly audit   'serve-static': [ '1.16.3' ],
14 silly audit   'set-function-length': [ '1.2.2' ],
14 silly audit   setprototypeof: [ '1.2.0' ],
14 silly audit   'shallow-clone': [ '3.0.1' ],
14 silly audit   'shebang-command': [ '2.0.0' ],
14 silly audit   'shebang-regex': [ '3.0.0' ],
14 silly audit   'side-channel': [ '1.1.1' ],
14 silly audit   'side-channel-list': [ '1.0.1' ],
14 silly audit   'side-channel-map': [ '1.0.1' ],
14 silly audit   'side-channel-weakmap': [ '1.0.2' ],
14 silly audit   sigstore: [ '2.3.1' ],
14 silly audit   slash: [ '4.0.0' ],
14 silly audit   'smart-buffer': [ '4.2.0' ],
14 silly audit   'socket.io': [ '4.8.3' ],
14 silly audit   'socket.io-adapter': [ '2.5.7' ],
14 silly audit   'socket.io-parser': [ '4.2.6' ],
14 silly audit   sockjs: [ '0.3.24' ],
14 silly audit   socks: [ '2.8.9' ],
14 silly audit   'socks-proxy-agent': [ '8.0.5' ],
14 silly audit   'source-map-js': [ '1.2.1' ],
14 silly audit   'source-map-loader': [ '5.0.0' ],
14 silly audit   'source-map-support': [ '0.5.21' ],
14 silly audit   'spdx-correct': [ '3.2.0' ],
14 silly audit   'spdx-exceptions': [ '2.5.0' ],
14 silly audit   'spdx-expression-parse': [ '3.0.1' ],
14 silly audit   'spdx-license-ids': [ '3.0.23' ],
14 silly audit   spdy: [ '4.0.2' ],
14 silly audit   'spdy-transport': [ '3.0.0' ],
14 silly audit   'sprintf-js': [ '1.0.3' ],
14 silly audit   ssri: [ '10.0.6' ],
14 silly audit   streamroller: [ '3.1.5' ],
14 silly audit   'strip-final-newline': [ '2.0.0' ],
14 silly audit   'supports-preserve-symlinks-flag': [ '1.0.0' ],
14 silly audit   'symbol-observable': [ '4.0.0' ],
14 silly audit   tapable: [ '2.3.3' ],
14 silly audit   tar: [ '6.2.1' ],
14 silly audit   terser: [ '5.29.1', '5.48.0' ],
14 silly audit   'terser-webpack-plugin': [ '5.6.1' ],
14 silly audit   'test-exclude': [ '6.0.0' ],
14 silly audit   thunky: [ '1.1.0' ],
14 silly audit   'to-regex-range': [ '5.0.1' ],
14 silly audit   toidentifier: [ '1.0.1' ],
14 silly audit   'tree-kill': [ '1.2.2' ],
14 silly audit   'tuf-js': [ '2.2.1' ],
14 silly audit   'type-fest': [ '0.21.3' ],
14 silly audit   'type-is': [ '1.6.18' ],
14 silly audit   'typed-assert': [ '1.0.9' ],
14 silly audit   typescript: [ '5.4.5' ],
14 silly audit   'ua-parser-js': [ '0.7.41' ],
14 silly audit   'undici-types': [ '7.24.6' ],
14 silly audit   'unicode-canonical-property-names-ecmascript': [ '2.0.1' ],
14 silly audit   'unicode-match-property-ecmascript': [ '2.0.0' ],
14 silly audit   'unicode-match-property-value-ecmascript': [ '2.2.1' ],
14 silly audit   'unicode-property-aliases-ecmascript': [ '2.2.0' ],
14 silly audit   'unique-filename': [ '3.0.0' ],
14 silly audit   'unique-slug': [ '4.0.0' ],
14 silly audit   universalify: [ '0.1.2' ],
14 silly audit   unpipe: [ '1.0.0' ],
14 silly audit   'update-browserslist-db': [ '1.2.3' ],
14 silly audit   'uri-js': [ '4.4.1' ],
14 silly audit   'util-deprecate': [ '1.0.2' ],
14 silly audit   'utils-merge': [ '1.0.1' ],
14 silly audit   uuid: [ '8.3.2' ],
14 silly audit   'validate-npm-package-license': [ '3.0.4' ],
14 silly audit   'validate-npm-package-name': [ '5.0.1' ],
14 silly audit   vary: [ '1.1.2' ],
14 silly audit   vite: [ '5.4.21' ],
14 silly audit   'void-elements': [ '2.0.1' ],
14 silly audit   watchpack: [ '2.4.0', '2.5.2' ],
14 silly audit   wbuf: [ '1.7.3' ],
14 silly audit   wcwidth: [ '1.0.1' ],
14 silly audit   webpack: [ '5.94.0' ],
14 silly audit   'webpack-dev-middleware': [ '6.1.2', '5.3.4' ],
14 silly audit   'webpack-dev-server': [ '4.15.1' ],
14 silly audit   'webpack-merge': [ '5.10.0' ],
14 silly audit   'webpack-sources': [ '3.5.0' ],
14 silly audit   'webpack-subresource-integrity': [ '5.1.0' ],
14 silly audit   'websocket-driver': [ '0.7.5' ],
14 silly audit   'websocket-extensions': [ '0.1.4' ],
14 silly audit   wildcard: [ '2.0.1' ],
14 silly audit   wrappy: [ '1.0.2' ],
14 silly audit   ws: [ '8.20.1' ],
14 silly audit   y18n: [ '5.0.8' ],
14 silly audit   'yocto-queue': [ '1.2.2' ],
14 silly audit   'zone.js': [ '0.14.10' ]
14 silly audit }
15 http fetch GET 200 https://registry.npmjs.org/npm 496ms
16 http fetch POST 200 https://registry.npmjs.org/-/npm/v1/security/advisories/bulk 515ms
17 silly audit report {
17 silly audit report   '@angular/common': [
17 silly audit report     {
17 silly audit report       id: 1120387,
17 silly audit report       url: 'https://github.com/advisories/GHSA-58c5-g7wp-6w37',
17 silly audit report       title: 'Angular is Vulnerable to XSRF Token Leakage via Protocol-Relative URLs in Angular HTTP Client',
17 silly audit report       severity: 'high',
17 silly audit report       vulnerable_versions: '<19.2.16',
17 silly audit report       cwe: [Array],
17 silly audit report       cvss: [Object]
17 silly audit report     }
17 silly audit report   ],
17 silly audit report   '@angular/compiler': [
17 silly audit report     {
17 silly audit report       id: 1120372,
17 silly audit report       url: 'https://github.com/advisories/GHSA-jrmj-c5cx-3cw6',
17 silly audit report       title: 'Angular has XSS Vulnerability via Unsanitized SVG Script Attributes',
17 silly audit report       severity: 'high',
17 silly audit report       vulnerable_versions: '<=18.2.14',
17 silly audit report       cwe: [Array],
17 silly audit report       cvss: [Object]
17 silly audit report     },
17 silly audit report     {
17 silly audit report       id: 1120383,
17 silly audit report       url: 'https://github.com/advisories/GHSA-v4hv-rgfq-gp49',
17 silly audit report       title: 'Angular Stored XSS Vulnerability via SVG Animation, SVG URL and MathML Attributes',
17 silly audit report       severity: 'high',
17 silly audit report       vulnerable_versions: '<=18.2.14',
17 silly audit report       cwe: [Array],
17 silly audit report       cvss: [Object]
17 silly audit report     },
17 silly audit report     {
17 silly audit report       id: 1117732,
17 silly audit report       url: 'https://github.com/advisories/GHSA-g93w-mfhg-p222',
17 silly audit report       title: 'Angular vulnerable to XSS in i18n attribute bindings',
17 silly audit report       severity: 'high',
17 silly audit report       vulnerable_versions: '>=17.0.0-next.0 <=18.2.14',
17 silly audit report       cwe: [Array],
17 silly audit report       cvss: [Object]
17 silly audit report     }
17 silly audit report   ],
17 silly audit report   '@angular/core': [
17 silly audit report     {
17 silly audit report       id: 1113587,
17 silly audit report       url: 'https://github.com/advisories/GHSA-prjf-86w9-mfqv',
17 silly audit report       title: 'Angular i18n vulnerable to Cross-Site Scripting',
17 silly audit report       severity: 'high',
17 silly audit report       vulnerable_versions: '<=18.2.14',
17 silly audit report       cwe: [Array],
17 silly audit report       cvss: [Object]
17 silly audit report     },
17 silly audit report     {
17 silly audit report       id: 1120371,
17 silly audit report       url: 'https://github.com/advisories/GHSA-jrmj-c5cx-3cw6',
17 silly audit report       title: 'Angular has XSS Vulnerability via Unsanitized SVG Script Attributes',
17 silly audit report       severity: 'high',
17 silly audit report       vulnerable_versions: '<=18.2.14',
17 silly audit report       cwe: [Array],
17 silly audit report       cvss: [Object]
17 silly audit report     },
17 silly audit report     {
17 silly audit report       id: 1117734,
17 silly audit report       url: 'https://github.com/advisories/GHSA-g93w-mfhg-p222',
17 silly audit report       title: 'Angular vulnerable to XSS in i18n attribute bindings',
17 silly audit report       severity: 'high',
17 silly audit report       vulnerable_versions: '>=17.0.0-next.0 <=18.2.14',
17 silly audit report       cwe: [Array],
17 silly audit report       cvss: [Object]
17 silly audit report     }
17 silly audit report   ],
17 silly audit report   ajv: [
17 silly audit report     {
17 silly audit report       id: 1113715,
17 silly audit report       url: 'https://github.com/advisories/GHSA-2g4f-4pwh-qvx6',
17 silly audit report       title: 'ajv has ReDoS when using `$data` option',
17 silly audit report       severity: 'moderate',
17 silly audit report       vulnerable_versions: '>=7.0.0-alpha.0 <8.18.0',
17 silly audit report       cwe: [Array],
17 silly audit report       cvss: [Object]
17 silly audit report     }
17 silly audit report   ],
17 silly audit report   picomatch: [
17 silly audit report     {
17 silly audit report       id: 1115551,
17 silly audit report       url: 'https://github.com/advisories/GHSA-3v7f-55p6-f55p',
17 silly audit report       title: 'Picomatch: Method Injection in POSIX Character Classes causes incorrect Glob Matching',
17 silly audit report       severity: 'moderate',
17 silly audit report       vulnerable_versions: '>=4.0.0 <4.0.4',
17 silly audit report       cwe: [Array],
17 silly audit report       cvss: [Object]
17 silly audit report     },
17 silly audit report     {
17 silly audit report       id: 1115554,
17 silly audit report       url: 'https://github.com/advisories/GHSA-c2c7-rcm5-vvqj',
17 silly audit report       title: 'Picomatch has a ReDoS vulnerability via extglob quantifiers',
17 silly audit report       severity: 'high',
17 silly audit report       vulnerable_versions: '>=4.0.0 <4.0.4',
17 silly audit report       cwe: [Array],
17 silly audit report       cvss: [Object]
17 silly audit report     }
17 silly audit report   ],
17 silly audit report   esbuild: [
17 silly audit report     {
17 silly audit report       id: 1102341,
17 silly audit report       url: 'https://github.com/advisories/GHSA-67mh-4wv8-2f99',
17 silly audit report       title: 'esbuild enables any website to send any requests to the development server and read the response',
17 silly audit report       severity: 'moderate',
17 silly audit report       vulnerable_versions: '<=0.24.2',
17 silly audit report       cwe: [Array],
17 silly audit report       cvss: [Object]
17 silly audit report     },
17 silly audit report     {
17 silly audit report       id: 1120679,
17 silly audit report       url: 'https://github.com/advisories/GHSA-gv7w-rqvm-qjhr',
17 silly audit report       title: 'esbuild: Missing binary integrity verification in Deno module enables remote code execution via NPM_CONFIG_REGISTRY',
17 silly audit report       severity: 'high',
17 silly audit report       vulnerable_versions: '>=0.17.0 <0.28.1',
17 silly audit report       cwe: [Array],
17 silly audit report       cvss: [Object]
17 silly audit report     }
17 silly audit report   ],
17 silly audit report   'http-proxy-middleware': [
17 silly audit report     {
17 silly audit report       id: 1104105,
17 silly audit report       url: 'https://github.com/advisories/GHSA-9gqv-wp59-fq42',
17 silly audit report       title: 'http-proxy-middleware allows fixRequestBody to proceed even if bodyParser has failed',
17 silly audit report       severity: 'moderate',
17 silly audit report       vulnerable_versions: '>=1.3.0 <2.0.9',
17 silly audit report       cwe: [Array],
17 silly audit report       cvss: [Object]
17 silly audit report     }
17 silly audit report   ],
17 silly audit report   tmp: [
17 silly audit report     {
17 silly audit report       id: 1109537,
17 silly audit report       url: 'https://github.com/advisories/GHSA-52f5-9888-hmc6',
17 silly audit report       title: 'tmp allows arbitrary temporary file / directory write via symbolic link `dir` parameter',
17 silly audit report       severity: 'low',
17 silly audit report       vulnerable_versions: '<=0.2.3',
17 silly audit report       cwe: [Array],
17 silly audit report       cvss: [Object]
17 silly audit report     },
17 silly audit report     {
17 silly audit report       id: 1120654,
17 silly audit report       url: 'https://github.com/advisories/GHSA-ph9p-34f9-6g65',
17 silly audit report       title: 'tmp has Path Traversal via unsanitized prefix/postfix that enables directory escape',
17 silly audit report       severity: 'high',
17 silly audit report       vulnerable_versions: '<0.2.6',
17 silly audit report       cwe: [Array],
17 silly audit report       cvss: [Object]
17 silly audit report     }
17 silly audit report   ],
17 silly audit report   postcss: [
17 silly audit report     {
17 silly audit report       id: 1117015,
17 silly audit report       url: 'https://github.com/advisories/GHSA-qx2v-qp2m-jg93',
17 silly audit report       title: 'PostCSS has XSS via Unescaped </style> in its CSS Stringify Output',
17 silly audit report       severity: 'moderate',
17 silly audit report       vulnerable_versions: '<8.5.10',
17 silly audit report       cwe: [Array],
17 silly audit report       cvss: [Object]
17 silly audit report     }
17 silly audit report   ],
17 silly audit report   'serialize-javascript': [
17 silly audit report     {
17 silly audit report       id: 1119440,
17 silly audit report       url: 'https://github.com/advisories/GHSA-qj8w-gfj5-8c6v',
17 silly audit report       title: 'Serialize JavaScript has CPU Exhaustion Denial of Service via crafted array-like objects',
17 silly audit report       severity: 'moderate',
17 silly audit report       vulnerable_versions: '>=5.0.0 <7.0.5',
17 silly audit report       cwe: [Array],
17 silly audit report       cvss: [Object]
17 silly audit report     },
17 silly audit report     {
17 silly audit report       id: 1113686,
17 silly audit report       url: 'https://github.com/advisories/GHSA-5c6j-r48x-rmvq',
17 silly audit report       title: 'Serialize JavaScript is Vulnerable to RCE via RegExp.flags and Date.prototype.toISOString()',
17 silly audit report       severity: 'high',
17 silly audit report       vulnerable_versions: '<=7.0.2',
17 silly audit report       cwe: [Array],
17 silly audit report       cvss: [Object]
17 silly audit report     }
17 silly audit report   ],
17 silly audit report   tar: [
17 silly audit report     {
17 silly audit report       id: 1112659,
17 silly audit report       url: 'https://github.com/advisories/GHSA-34x7-hfp2-rc4v',
17 silly audit report       title: 'node-tar Vulnerable to Arbitrary File Creation/Overwrite via Hardlink Path Traversal',
17 silly audit report       severity: 'high',
17 silly audit report       vulnerable_versions: '<7.5.7',
17 silly audit report       cwe: [Array],
17 silly audit report       cvss: [Object]
17 silly audit report     },
17 silly audit report     {
17 silly audit report       id: 1113300,
17 silly audit report       url: 'https://github.com/advisories/GHSA-8qq5-rm4j-mr97',
17 silly audit report       title: 'node-tar is Vulnerable to Arbitrary File Overwrite and Symlink Poisoning via Insufficient Path Sanitization',
17 silly audit report       severity: 'high',
17 silly audit report       vulnerable_versions: '<=7.5.2',
17 silly audit report       cwe: [Array],
17 silly audit report       cvss: [Object]
17 silly audit report     },
17 silly audit report     {
17 silly audit report       id: 1113375,
17 silly audit report       url: 'https://github.com/advisories/GHSA-83g3-92jg-28cx',
17 silly audit report       title: 'Arbitrary File Read/Write via Hardlink Target Escape Through Symlink Chain in node-tar Extraction',
17 silly audit report       severity: 'high',
17 silly audit report       vulnerable_versions: '<7.5.8',
17 silly audit report       cwe: [Array],
17 silly audit report       cvss: [Object]
17 silly audit report     },
17 silly audit report     {
17 silly audit report       id: 1114200,
17 silly audit report       url: 'https://github.com/advisories/GHSA-qffp-2rhf-9h96',
17 silly audit report       title: 'tar has Hardlink Path Traversal via Drive-Relative Linkpath',
17 silly audit report       severity: 'high',
17 silly audit report       vulnerable_versions: '<=7.5.9',
17 silly audit report       cwe: [Array],
17 silly audit report       cvss: [Object]
17 silly audit report     },
17 silly audit report     {
17 silly audit report       id: 1114302,
17 silly audit report       url: 'https://github.com/advisories/GHSA-9ppj-qmqm-q256',
17 silly audit report       title: 'node-tar Symlink Path Traversal via Drive-Relative Linkpath',
17 silly audit report       severity: 'high',
17 silly audit report       vulnerable_versions: '<=7.5.10',
17 silly audit report       cwe: [Array],
17 silly audit report       cvss: [Object]
17 silly audit report     },
17 silly audit report     {
17 silly audit report       id: 1114680,
17 silly audit report       url: 'https://github.com/advisories/GHSA-r6q2-hw4h-h46w',
17 silly audit report       title: 'Race Condition in node-tar Path Reservations via Unicode Ligature Collisions on macOS APFS',
17 silly audit report       severity: 'high',
17 silly audit report       vulnerable_versions: '<=7.5.3',
17 silly audit report       cwe: [Array],
17 silly audit report       cvss: [Object]
17 silly audit report     }
17 silly audit report   ],
17 silly audit report   uuid: [
17 silly audit report     {
17 silly audit report       id: 1119441,
17 silly audit report       url: 'https://github.com/advisories/GHSA-w5hq-g745-h8pq',
17 silly audit report       title: 'uuid: Missing buffer bounds check in v3/v5/v6 when buf is provided',
17 silly audit report       severity: 'moderate',
17 silly audit report       vulnerable_versions: '<11.1.1',
17 silly audit report       cwe: [Array],
17 silly audit report       cvss: [Object]
17 silly audit report     }
17 silly audit report   ],
17 silly audit report   vite: [
17 silly audit report     {
17 silly audit report       id: 1116229,
17 silly audit report       url: 'https://github.com/advisories/GHSA-4w7w-66w2-5vf9',
17 silly audit report       title: 'Vite Vulnerable to Path Traversal in Optimized Deps `.map` Handling',
17 silly audit report       severity: 'moderate',
17 silly audit report       vulnerable_versions: '<=6.4.1',
17 silly audit report       cwe: [Array],
17 silly audit report       cvss: [Object]
17 silly audit report     }
17 silly audit report   ],
17 silly audit report   webpack: [
17 silly audit report     {
17 silly audit report       id: 1113041,
17 silly audit report       url: 'https://github.com/advisories/GHSA-8fgc-7cc6-rx7x',
17 silly audit report       title: 'webpack buildHttp: allowedUris allow-list bypass via URL userinfo (@) leading to build-time SSRF behavior',
17 silly audit report       severity: 'low',
17 silly audit report       vulnerable_versions: '>=5.49.0 <=5.104.0',
17 silly audit report       cwe: [Array],
17 silly audit report       cvss: [Object]
17 silly audit report     },
17 silly audit report     {
17 silly audit report       id: 1113042,
17 silly audit report       url: 'https://github.com/advisories/GHSA-38r7-794h-5758',
17 silly audit report       title: 'webpack buildHttp HttpUriPlugin allowedUris bypass via HTTP redirects → SSRF + cache persistence',
17 silly audit report       severity: 'low',
17 silly audit report       vulnerable_versions: '>=5.49.0 <5.104.0',
17 silly audit report       cwe: [Array],
17 silly audit report       cvss: [Object]
17 silly audit report     }
17 silly audit report   ],
17 silly audit report   'webpack-dev-server': [
17 silly audit report     {
17 silly audit report       id: 1108429,
17 silly audit report       url: 'https://github.com/advisories/GHSA-9jgg-88mc-972h',
17 silly audit report       title: "webpack-dev-server users' source code may be stolen when they access a malicious web site with non-Chromium based browser",
17 silly audit report       severity: 'moderate',
17 silly audit report       vulnerable_versions: '<=5.2.0',
17 silly audit report       cwe: [Array],
17 silly audit report       cvss: [Object]
17 silly audit report     },
17 silly audit report     {
17 silly audit report       id: 1108430,
17 silly audit report       url: 'https://github.com/advisories/GHSA-4v9v-hfq4-rm2v',
17 silly audit report       title: "webpack-dev-server users' source code may be stolen when they access a malicious web site",
17 silly audit report       severity: 'moderate',
17 silly audit report       vulnerable_versions: '<=5.2.0',
17 silly audit report       cwe: [Array],
17 silly audit report       cvss: [Object]
17 silly audit report     },
17 silly audit report     {
17 silly audit report       id: 1119074,
17 silly audit report       url: 'https://github.com/advisories/GHSA-79cf-xcqc-c78w',
17 silly audit report       title: 'webpack-dev-server vulnerable to cross-origin source code exposure on non-HTTPS origins',
17 silly audit report       severity: 'moderate',
17 silly audit report       vulnerable_versions: '<=5.2.3',
17 silly audit report       cwe: [Array],
17 silly audit report       cvss: [Object]
17 silly audit report     }
17 silly audit report   ]
17 silly audit report }
18 silly packumentCache corgi:https://registry.npmjs.org/@angular%2fcommon cache-miss
19 silly packumentCache corgi:https://registry.npmjs.org/@angular%2fcompiler cache-miss
20 silly packumentCache corgi:https://registry.npmjs.org/@angular%2fcore cache-miss
21 silly packumentCache corgi:https://registry.npmjs.org/ajv cache-miss
22 silly packumentCache corgi:https://registry.npmjs.org/picomatch cache-miss
23 silly packumentCache corgi:https://registry.npmjs.org/esbuild cache-miss
24 silly packumentCache corgi:https://registry.npmjs.org/http-proxy-middleware cache-miss
25 silly packumentCache corgi:https://registry.npmjs.org/tmp cache-miss
26 silly packumentCache corgi:https://registry.npmjs.org/postcss cache-miss
27 silly packumentCache corgi:https://registry.npmjs.org/serialize-javascript cache-miss
28 silly packumentCache corgi:https://registry.npmjs.org/tar cache-miss
29 silly packumentCache corgi:https://registry.npmjs.org/uuid cache-miss
30 silly packumentCache corgi:https://registry.npmjs.org/vite cache-miss
31 silly packumentCache corgi:https://registry.npmjs.org/webpack cache-miss
32 silly packumentCache corgi:https://registry.npmjs.org/webpack-dev-server cache-miss
33 http fetch GET 200 https://registry.npmjs.org/uuid 189ms (cache miss)
34 silly packumentCache corgi:https://registry.npmjs.org/uuid set size:undefined disposed:false
35 http fetch GET 200 https://registry.npmjs.org/tmp 193ms (cache miss)
36 silly packumentCache corgi:https://registry.npmjs.org/tmp set size:undefined disposed:false
37 http fetch GET 200 https://registry.npmjs.org/http-proxy-middleware 197ms (cache miss)
38 silly packumentCache corgi:https://registry.npmjs.org/http-proxy-middleware set size:undefined disposed:false
39 http fetch GET 200 https://registry.npmjs.org/picomatch 200ms (cache miss)
40 silly packumentCache corgi:https://registry.npmjs.org/picomatch set size:undefined disposed:false
41 http fetch GET 200 https://registry.npmjs.org/serialize-javascript 199ms (cache miss)
42 silly packumentCache corgi:https://registry.npmjs.org/serialize-javascript set size:undefined disposed:false
43 http fetch GET 200 https://registry.npmjs.org/tar 202ms (cache miss)
44 silly packumentCache corgi:https://registry.npmjs.org/tar set size:undefined disposed:false
45 http fetch GET 200 https://registry.npmjs.org/ajv 217ms (cache miss)
46 silly packumentCache corgi:https://registry.npmjs.org/ajv set size:undefined disposed:false
47 http fetch GET 200 https://registry.npmjs.org/postcss 223ms (cache miss)
48 silly packumentCache corgi:https://registry.npmjs.org/postcss set size:undefined disposed:false
49 http fetch GET 200 https://registry.npmjs.org/webpack-dev-server 223ms (cache miss)
50 silly packumentCache corgi:https://registry.npmjs.org/webpack-dev-server set size:undefined disposed:false
51 http fetch GET 200 https://registry.npmjs.org/webpack 249ms (cache miss)
52 silly packumentCache corgi:https://registry.npmjs.org/webpack set size:undefined disposed:false
53 http fetch GET 200 https://registry.npmjs.org/esbuild 284ms (cache miss)
54 silly packumentCache corgi:https://registry.npmjs.org/esbuild set size:undefined disposed:false
55 http fetch GET 200 https://registry.npmjs.org/vite 331ms (cache miss)
56 silly packumentCache corgi:https://registry.npmjs.org/vite set size:undefined disposed:false
57 http fetch GET 200 https://registry.npmjs.org/@angular%2fcommon 392ms (cache miss)
58 silly packumentCache corgi:https://registry.npmjs.org/@angular%2fcommon set size:undefined disposed:false
59 http fetch GET 200 https://registry.npmjs.org/@angular%2fcore 505ms (cache miss)
60 silly packumentCache corgi:https://registry.npmjs.org/@angular%2fcore set size:undefined disposed:false
61 http fetch GET 200 https://registry.npmjs.org/@angular%2fcompiler 648ms (cache miss)
62 silly packumentCache corgi:https://registry.npmjs.org/@angular%2fcompiler set size:undefined disposed:false
63 silly packumentCache corgi:https://registry.npmjs.org/@angular%2fforms cache-miss
64 silly packumentCache corgi:https://registry.npmjs.org/@angular%2fplatform-browser cache-miss
65 silly packumentCache corgi:https://registry.npmjs.org/@angular%2fplatform-browser-dynamic cache-miss
66 silly packumentCache corgi:https://registry.npmjs.org/@angular%2frouter cache-miss
67 http fetch GET 200 https://registry.npmjs.org/@angular%2fforms 176ms (cache miss)
68 silly packumentCache corgi:https://registry.npmjs.org/@angular%2fforms set size:undefined disposed:false
69 http fetch GET 200 https://registry.npmjs.org/@angular%2fplatform-browser 803ms (cache miss)
70 silly packumentCache corgi:https://registry.npmjs.org/@angular%2fplatform-browser set size:undefined disposed:false
71 http fetch GET 200 https://registry.npmjs.org/@angular%2frouter 829ms (cache miss)
72 silly packumentCache corgi:https://registry.npmjs.org/@angular%2frouter set size:undefined disposed:false
73 http fetch GET 200 https://registry.npmjs.org/@angular%2fplatform-browser-dynamic 855ms (cache miss)
74 silly packumentCache corgi:https://registry.npmjs.org/@angular%2fplatform-browser-dynamic set size:undefined disposed:false
75 silly packumentCache corgi:https://registry.npmjs.org/@angular%2fcompiler-cli cache-miss
76 http fetch GET 200 https://registry.npmjs.org/@angular%2fcompiler-cli 1044ms (cache miss)
77 silly packumentCache corgi:https://registry.npmjs.org/@angular%2fcompiler-cli set size:undefined disposed:false
78 silly packumentCache corgi:https://registry.npmjs.org/@angular%2fanimations cache-miss
79 http fetch GET 200 https://registry.npmjs.org/@angular%2fanimations 1356ms (cache miss)
80 silly packumentCache corgi:https://registry.npmjs.org/@angular%2fanimations set size:undefined disposed:false
81 silly packumentCache corgi:https://registry.npmjs.org/@angular-devkit%2fcore cache-miss
82 silly packumentCache corgi:https://registry.npmjs.org/ajv-formats cache-miss
83 silly packumentCache corgi:https://registry.npmjs.org/ajv-keywords cache-miss
84 silly packumentCache corgi:https://registry.npmjs.org/schema-utils cache-miss
85 http fetch GET 200 https://registry.npmjs.org/schema-utils 58ms (cache miss)
86 silly packumentCache corgi:https://registry.npmjs.org/schema-utils set size:undefined disposed:false
87 http fetch GET 200 https://registry.npmjs.org/ajv-formats 65ms (cache miss)
88 silly packumentCache corgi:https://registry.npmjs.org/ajv-formats set size:undefined disposed:false
89 http fetch GET 200 https://registry.npmjs.org/ajv-keywords 73ms (cache miss)
90 silly packumentCache corgi:https://registry.npmjs.org/ajv-keywords set size:undefined disposed:false
91 http fetch GET 200 https://registry.npmjs.org/@angular-devkit%2fcore 169ms (cache miss)
92 silly packumentCache corgi:https://registry.npmjs.org/@angular-devkit%2fcore set size:undefined disposed:false
93 silly packumentCache corgi:https://registry.npmjs.org/@angular-devkit%2fbuild-angular cache-miss
94 http fetch GET 200 https://registry.npmjs.org/@angular-devkit%2fbuild-angular 928ms (cache miss)
95 silly packumentCache corgi:https://registry.npmjs.org/@angular-devkit%2fbuild-angular set size:undefined disposed:false
96 silly packumentCache corgi:https://registry.npmjs.org/external-editor cache-miss
97 http fetch GET 200 https://registry.npmjs.org/external-editor 45ms (cache miss)
98 silly packumentCache corgi:https://registry.npmjs.org/external-editor set size:undefined disposed:false
99 silly packumentCache corgi:https://registry.npmjs.org/autoprefixer cache-miss
100 silly packumentCache corgi:https://registry.npmjs.org/critters cache-miss
101 silly packumentCache corgi:https://registry.npmjs.org/css-loader cache-miss
102 silly packumentCache corgi:https://registry.npmjs.org/icss-utils cache-miss
103 silly packumentCache corgi:https://registry.npmjs.org/postcss-loader cache-miss
104 silly packumentCache corgi:https://registry.npmjs.org/postcss-modules-extract-imports cache-miss
105 silly packumentCache corgi:https://registry.npmjs.org/postcss-modules-local-by-default cache-miss
106 silly packumentCache corgi:https://registry.npmjs.org/postcss-modules-scope cache-miss
107 silly packumentCache corgi:https://registry.npmjs.org/postcss-modules-values cache-miss
108 silly packumentCache corgi:https://registry.npmjs.org/resolve-url-loader cache-miss
109 http fetch GET 200 https://registry.npmjs.org/icss-utils 84ms (cache miss)
110 silly packumentCache corgi:https://registry.npmjs.org/icss-utils set size:undefined disposed:false
111 http fetch GET 200 https://registry.npmjs.org/postcss-modules-extract-imports 89ms (cache miss)
112 silly packumentCache corgi:https://registry.npmjs.org/postcss-modules-extract-imports set size:undefined disposed:false
113 http fetch GET 200 https://registry.npmjs.org/resolve-url-loader 100ms (cache miss)
114 silly packumentCache corgi:https://registry.npmjs.org/resolve-url-loader set size:undefined disposed:false
115 http fetch GET 200 https://registry.npmjs.org/postcss-loader 107ms (cache miss)
116 silly packumentCache corgi:https://registry.npmjs.org/postcss-loader set size:undefined disposed:false
117 http fetch GET 200 https://registry.npmjs.org/autoprefixer 118ms (cache miss)
118 silly packumentCache corgi:https://registry.npmjs.org/autoprefixer set size:undefined disposed:false
119 http fetch GET 200 https://registry.npmjs.org/css-loader 132ms (cache miss)
120 silly packumentCache corgi:https://registry.npmjs.org/css-loader set size:undefined disposed:false
121 http fetch GET 200 https://registry.npmjs.org/postcss-modules-local-by-default 139ms (cache miss)
122 silly packumentCache corgi:https://registry.npmjs.org/postcss-modules-local-by-default set size:undefined disposed:false
123 http fetch GET 200 https://registry.npmjs.org/postcss-modules-scope 331ms (cache miss)
124 silly packumentCache corgi:https://registry.npmjs.org/postcss-modules-scope set size:undefined disposed:false
125 http fetch GET 200 https://registry.npmjs.org/postcss-modules-values 332ms (cache miss)
126 silly packumentCache corgi:https://registry.npmjs.org/postcss-modules-values set size:undefined disposed:false
127 http fetch GET 200 https://registry.npmjs.org/critters 338ms (cache miss)
128 silly packumentCache corgi:https://registry.npmjs.org/critters set size:undefined disposed:false
129 silly packumentCache corgi:https://registry.npmjs.org/copy-webpack-plugin cache-miss
130 http fetch GET 200 https://registry.npmjs.org/copy-webpack-plugin 59ms (cache miss)
131 silly packumentCache corgi:https://registry.npmjs.org/copy-webpack-plugin set size:undefined disposed:false
132 silly packumentCache corgi:https://registry.npmjs.org/cacache cache-miss
133 silly packumentCache corgi:https://registry.npmjs.org/node-gyp cache-miss
134 silly packumentCache corgi:https://registry.npmjs.org/pacote cache-miss
135 http fetch GET 200 https://registry.npmjs.org/node-gyp 60ms (cache miss)
136 silly packumentCache corgi:https://registry.npmjs.org/node-gyp set size:undefined disposed:false
137 http fetch GET 200 https://registry.npmjs.org/cacache 68ms (cache miss)
138 silly packumentCache corgi:https://registry.npmjs.org/cacache set size:undefined disposed:false
139 http fetch GET 200 https://registry.npmjs.org/pacote 451ms (cache miss)
140 silly packumentCache corgi:https://registry.npmjs.org/pacote set size:undefined disposed:false
141 silly packumentCache corgi:https://registry.npmjs.org/sockjs cache-miss
142 http fetch GET 200 https://registry.npmjs.org/sockjs 63ms (cache miss)
143 silly packumentCache corgi:https://registry.npmjs.org/sockjs set size:undefined disposed:false
144 silly packumentCache corgi:https://registry.npmjs.org/@vitejs%2fplugin-basic-ssl cache-miss
145 http fetch GET 200 https://registry.npmjs.org/@vitejs%2fplugin-basic-ssl 992ms (cache miss)
146 silly packumentCache corgi:https://registry.npmjs.org/@vitejs%2fplugin-basic-ssl set size:undefined disposed:false
147 silly packumentCache corgi:https://registry.npmjs.org/@angular-devkit%2fbuild-webpack cache-miss
148 silly packumentCache corgi:https://registry.npmjs.org/@ngtools%2fwebpack cache-miss
149 silly packumentCache corgi:https://registry.npmjs.org/babel-loader cache-miss
150 silly packumentCache corgi:https://registry.npmjs.org/less-loader cache-miss
151 silly packumentCache corgi:https://registry.npmjs.org/mini-css-extract-plugin cache-miss
152 silly packumentCache corgi:https://registry.npmjs.org/sass-loader cache-miss
153 silly packumentCache corgi:https://registry.npmjs.org/source-map-loader cache-miss
154 silly packumentCache corgi:https://registry.npmjs.org/terser-webpack-plugin cache-miss
155 silly packumentCache corgi:https://registry.npmjs.org/webpack-dev-middleware cache-miss
156 silly packumentCache corgi:https://registry.npmjs.org/webpack-subresource-integrity cache-miss
157 http fetch GET 200 https://registry.npmjs.org/webpack-subresource-integrity 241ms (cache miss)
158 silly packumentCache corgi:https://registry.npmjs.org/webpack-subresource-integrity set size:undefined disposed:false
159 http fetch GET 200 https://registry.npmjs.org/source-map-loader 250ms (cache miss)
160 silly packumentCache corgi:https://registry.npmjs.org/source-map-loader set size:undefined disposed:false
161 http fetch GET 200 https://registry.npmjs.org/mini-css-extract-plugin 253ms (cache miss)
162 silly packumentCache corgi:https://registry.npmjs.org/mini-css-extract-plugin set size:undefined disposed:false
163 http fetch GET 200 https://registry.npmjs.org/sass-loader 258ms (cache miss)
164 silly packumentCache corgi:https://registry.npmjs.org/sass-loader set size:undefined disposed:false
165 http fetch GET 200 https://registry.npmjs.org/babel-loader 269ms (cache miss)
166 silly packumentCache corgi:https://registry.npmjs.org/babel-loader set size:undefined disposed:false
167 http fetch GET 200 https://registry.npmjs.org/terser-webpack-plugin 279ms (cache miss)
168 silly packumentCache corgi:https://registry.npmjs.org/terser-webpack-plugin set size:undefined disposed:false
169 http fetch GET 200 https://registry.npmjs.org/@ngtools%2fwebpack 315ms (cache miss)
170 silly packumentCache corgi:https://registry.npmjs.org/@ngtools%2fwebpack set size:undefined disposed:false
171 http fetch GET 200 https://registry.npmjs.org/less-loader 424ms (cache miss)
172 silly packumentCache corgi:https://registry.npmjs.org/less-loader set size:undefined disposed:false
173 http fetch GET 200 https://registry.npmjs.org/webpack-dev-middleware 434ms (cache miss)
174 silly packumentCache corgi:https://registry.npmjs.org/webpack-dev-middleware set size:undefined disposed:false
175 http fetch GET 200 https://registry.npmjs.org/@angular-devkit%2fbuild-webpack 1159ms (cache miss)
176 silly packumentCache corgi:https://registry.npmjs.org/@angular-devkit%2fbuild-webpack set size:undefined disposed:false
177 silly packumentCache corgi:https://registry.npmjs.org/@angular-devkit%2farchitect cache-miss
178 silly packumentCache corgi:https://registry.npmjs.org/@angular-devkit%2fschematics cache-miss
179 silly packumentCache corgi:https://registry.npmjs.org/@angular%2fcli cache-miss
180 silly packumentCache corgi:https://registry.npmjs.org/@schematics%2fangular cache-miss
181 http fetch GET 200 https://registry.npmjs.org/@angular%2fcli 486ms (cache miss)
182 silly packumentCache corgi:https://registry.npmjs.org/@angular%2fcli set size:undefined disposed:false
183 http fetch GET 200 https://registry.npmjs.org/@angular-devkit%2farchitect 928ms (cache miss)
184 silly packumentCache corgi:https://registry.npmjs.org/@angular-devkit%2farchitect set size:undefined disposed:false
185 http fetch GET 200 https://registry.npmjs.org/@schematics%2fangular 971ms (cache miss)
186 silly packumentCache corgi:https://registry.npmjs.org/@schematics%2fangular set size:undefined disposed:false
187 http fetch GET 200 https://registry.npmjs.org/@angular-devkit%2fschematics 993ms (cache miss)
188 silly packumentCache corgi:https://registry.npmjs.org/@angular-devkit%2fschematics set size:undefined disposed:false
189 silly packumentCache corgi:https://registry.npmjs.org/inquirer cache-miss
190 http fetch GET 200 https://registry.npmjs.org/inquirer 75ms (cache miss)
191 silly packumentCache corgi:https://registry.npmjs.org/inquirer set size:undefined disposed:false
192 silly packumentCache corgi:https://registry.npmjs.org/@npmcli%2frun-script cache-miss
193 http fetch GET 200 https://registry.npmjs.org/@npmcli%2frun-script 70ms (cache miss)
194 silly packumentCache corgi:https://registry.npmjs.org/@npmcli%2frun-script set size:undefined disposed:false
195 silly packumentCache corgi:https://registry.npmjs.org/make-fetch-happen cache-miss
196 http fetch GET 200 https://registry.npmjs.org/make-fetch-happen 65ms (cache miss)
197 silly packumentCache corgi:https://registry.npmjs.org/make-fetch-happen set size:undefined disposed:false
198 silly packumentCache corgi:https://registry.npmjs.org/@sigstore%2fsign cache-miss
199 silly packumentCache corgi:https://registry.npmjs.org/npm-registry-fetch cache-miss
200 silly packumentCache corgi:https://registry.npmjs.org/tuf-js cache-miss
201 http fetch GET 200 https://registry.npmjs.org/tuf-js 287ms (cache miss)
202 silly packumentCache corgi:https://registry.npmjs.org/tuf-js set size:undefined disposed:false
203 http fetch GET 200 https://registry.npmjs.org/npm-registry-fetch 308ms (cache miss)
204 silly packumentCache corgi:https://registry.npmjs.org/npm-registry-fetch set size:undefined disposed:false
205 http fetch GET 200 https://registry.npmjs.org/@sigstore%2fsign 576ms (cache miss)
206 silly packumentCache corgi:https://registry.npmjs.org/@sigstore%2fsign set size:undefined disposed:false
207 silly packumentCache corgi:https://registry.npmjs.org/@sigstore%2ftuf cache-miss
208 http fetch GET 200 https://registry.npmjs.org/@sigstore%2ftuf 884ms (cache miss)
209 silly packumentCache corgi:https://registry.npmjs.org/@sigstore%2ftuf set size:undefined disposed:false
210 silly packumentCache corgi:https://registry.npmjs.org/sigstore cache-miss
211 http fetch GET 200 https://registry.npmjs.org/sigstore 81ms (cache miss)
212 silly packumentCache corgi:https://registry.npmjs.org/sigstore set size:undefined disposed:false
213 verbose cwd /Users/praisethelord/Desktop/salon-CRM/frontend
214 verbose os Darwin 25.2.0
215 verbose node v23.10.0
216 verbose npm  v10.9.2
217 notice
217 notice New major version of npm available! 10.9.2 -> 11.17.0
217 notice Changelog: https://github.com/npm/cli/releases/tag/v11.17.0
217 notice To update run: npm install -g npm@11.17.0
217 notice  { force: true, [Symbol(proc-log.meta)]: true }
218 verbose exit 0
219 info ok
